Started by an SCM change
Checking out git /home/playground/devopschain_int_deploy/sv/projects_silo/reactapp into /var/lib/jenkins/workspace/reactapp@script to read Jenkinsfile
No credentials specified
 > git rev-parse --is-inside-work-tree # timeout=10
Fetching changes from the remote Git repository
 > git config remote.origin.url /home/playground/devopschain_int_deploy/sv/projects_silo/reactapp # timeout=10
Fetching upstream changes from /home/playground/devopschain_int_deploy/sv/projects_silo/reactapp
 > git --version # timeout=10
 > git fetch --tags --force --progress -- /home/playground/devopschain_int_deploy/sv/projects_silo/reactapp +refs/heads/*:refs/remotes/origin/* # timeout=10
 > git rev-parse origin/master^{commit} # timeout=10
Checking out Revision 2afd268607a32fc68dfb538d5cfe8d47c2bf1ac7 (origin/master)
 > git config core.sparsecheckout # timeout=10
 > git checkout -f 2afd268607a32fc68dfb538d5cfe8d47c2bf1ac7 # timeout=10
Commit message: "Jenkinsfile updated"
 > git rev-list --no-walk 2afd268607a32fc68dfb538d5cfe8d47c2bf1ac7 # timeout=10
Running in Durability level: MAX_SURVIVABILITY
[Pipeline] Start of Pipeline
[Pipeline] node
Running on Jenkins in /var/lib/jenkins/workspace/reactapp
[Pipeline] {
[Pipeline] stage
[Pipeline] { (Declarative: Checkout SCM)
[Pipeline] checkout
No credentials specified
 > git rev-parse --is-inside-work-tree # timeout=10
Fetching changes from the remote Git repository
 > git config remote.origin.url /home/playground/devopschain_int_deploy/sv/projects_silo/reactapp # timeout=10
Fetching upstream changes from /home/playground/devopschain_int_deploy/sv/projects_silo/reactapp
 > git --version # timeout=10
 > git fetch --tags --force --progress -- /home/playground/devopschain_int_deploy/sv/projects_silo/reactapp +refs/heads/*:refs/remotes/origin/* # timeout=10
 > git rev-parse origin/master^{commit} # timeout=10
Checking out Revision 2afd268607a32fc68dfb538d5cfe8d47c2bf1ac7 (origin/master)
 > git config core.sparsecheckout # timeout=10
 > git checkout -f 2afd268607a32fc68dfb538d5cfe8d47c2bf1ac7 # timeout=10
Commit message: "Jenkinsfile updated"
[Pipeline] }
[Pipeline] // stage
[Pipeline] withEnv
[Pipeline] {
[Pipeline] withEnv
[Pipeline] {
[Pipeline] stage
[Pipeline] { (Declarative: Tool Install)
[Pipeline] tool
[Pipeline] envVarsForTool
[Pipeline] }
[Pipeline] // stage
[Pipeline] withEnv
[Pipeline] {
[Pipeline] stage
[Pipeline] { (Environment)
[Pipeline] tool
[Pipeline] envVarsForTool
[Pipeline] withEnv
[Pipeline] {
[Pipeline] sh
+ node -v
v14.2.0
[Pipeline] sh
+ npm i
npm WARN tsutils@3.17.1 requires a peer of typescript@>=2.8.0 || >= 3.2.0-dev || >= 3.3.0-dev || >= 3.4.0-dev || >= 3.5.0-dev || >= 3.6.0-dev || >= 3.6.0-beta || >= 3.7.0-dev || >= 3.7.0-beta but none is installed. You must install peer dependencies yourself.
npm WARN optional SKIPPING OPTIONAL DEPENDENCY: fsevents@2.1.2 (node_modules/fsevents):
npm WARN notsup SKIPPING OPTIONAL DEPENDENCY: Unsupported platform for fsevents@2.1.2: wanted {"os":"darwin","arch":"any"} (current: {"os":"linux","arch":"x64"})
npm WARN optional SKIPPING OPTIONAL DEPENDENCY: fsevents@1.2.12 (node_modules/webpack-dev-server/node_modules/fsevents):
npm WARN notsup SKIPPING OPTIONAL DEPENDENCY: Unsupported platform for fsevents@1.2.12: wanted {"os":"darwin","arch":"any"} (current: {"os":"linux","arch":"x64"})
npm WARN optional SKIPPING OPTIONAL DEPENDENCY: fsevents@1.2.12 (node_modules/watchpack/node_modules/fsevents):
npm WARN notsup SKIPPING OPTIONAL DEPENDENCY: Unsupported platform for fsevents@1.2.12: wanted {"os":"darwin","arch":"any"} (current: {"os":"linux","arch":"x64"})
npm WARN optional SKIPPING OPTIONAL DEPENDENCY: fsevents@1.2.12 (node_modules/jest-haste-map/node_modules/fsevents):
npm WARN notsup SKIPPING OPTIONAL DEPENDENCY: Unsupported platform for fsevents@1.2.12: wanted {"os":"darwin","arch":"any"} (current: {"os":"linux","arch":"x64"})

audited 1823 packages in 12.425s

59 packages are looking for funding
  run `npm fund` for details

found 1 low severity vulnerability
  run `npm audit fix` to fix them, or `npm audit` for details
[Pipeline] }
[Pipeline] // withEnv
[Pipeline] }
[Pipeline] // stage
[Pipeline] stage
[Pipeline] { (Test)
[Pipeline] tool
[Pipeline] envVarsForTool
[Pipeline] withEnv
[Pipeline] {
[Pipeline] sh
+ npm run test

> reactrelative@0.1.0 test /var/lib/jenkins/workspace/reactapp
> react-scripts test

FAIL src/App.test.js
  ‚úï renders learn react link (141ms)

  ‚óè renders learn react link

    Unable to find an element with the text: /datum state/i. This could be because the text is broken up by multiple elements. In this case, you can provide a function for your text matcher to make your matcher more flexible.

    [36m<body>[39m
      [36m<div>[39m
        [36m<div[39m
          [33mclass[39m=[32m"App"[39m
        [36m>[39m
          [36m<div>[39m
            [36m<form>[39m
              [36m<input[39m
                [33mname[39m=[32m"txt1"[39m
                [33mtype[39m=[32m"text"[39m
              [36m/>[39m
              [36m<input[39m
                [33mname[39m=[32m"btn1"[39m
                [33mtype[39m=[32m"button"[39m
                [33mvalue[39m=[32m"Submit btn"[39m
              [36m/>[39m
            [36m</form>[39m
            [36m<div[39m
              [33mid[39m=[32m"output"[39m
            [36m>[39m
              [0mDefault value of data state variable.[0m
            [36m</div>[39m
          [36m</div>[39m
        [36m</div>[39m
      [36m</div>[39m
    [36m</body>[39m

       5 | test('renders learn react link', () => {
       6 |   const { getByText } = render(<App />);
    >  7 |   const linkElement = getByText(/datum state/i);
         |                       ^
       8 |   expect(linkElement).toBeInTheDocument();
       9 | });
      10 | 

      at Object.getElementError (node_modules/@testing-library/dom/dist/config.js:34:12)
      at node_modules/@testing-library/dom/dist/query-helpers.js:71:38
      at getByText (node_modules/@testing-library/dom/dist/query-helpers.js:54:17)
      at Object.<anonymous> (src/App.test.js:7:23)

Test Suites: 1 failed, 1 total
Tests:       1 failed, 1 total
Snapshots:   0 total
Time:        3.83s
Ran all test suites.
npm ERR! code ELIFECYCLE
npm ERR! errno 1
npm ERR! reactrelative@0.1.0 test: `react-scripts test`
npm ERR! Exit status 1
npm ERR! 
npm ERR! Failed at the reactrelative@0.1.0 test script.
npm ERR! This is probably not a problem with npm. There is likely additional logging output above.

npm ERR! A complete log of this run can be found in:
npm ERR!     /var/lib/jenkins/.npm/_logs/2020-05-13T15_13_38_056Z-debug.log
[Pipeline] }
[Pipeline] // withEnv
[Pipeline] }
[Pipeline] // stage
[Pipeline] stage
[Pipeline] { (Build)
Stage "Build" skipped due to earlier failure(s)
[Pipeline] }
[Pipeline] // stage
[Pipeline] }
[Pipeline] // withEnv
[Pipeline] }
[Pipeline] // withEnv
[Pipeline] }
[Pipeline] // withEnv
[Pipeline] }
[Pipeline] // node
[Pipeline] End of Pipeline
ERROR: script returned exit code 1
Finished: FAILURE
